Determining if the Q_WS_X11 exist failed with the following output:
Change Dir: /Users/ralf/01Projekte/qt4/LobShooter/oraload/lobwizard/CMakeFiles/CMakeTmp

Run Build Command:/usr/bin/make "cmTryCompileExec/fast"
/usr/bin/make -f CMakeFiles/cmTryCompileExec.dir/build.make CMakeFiles/cmTryCompileExec.dir/build
/usr/local/bin/cmake -E cmake_progress_report /Users/ralf/01Projekte/qt4/LobShooter/oraload/lobwizard/CMakeFiles/CMakeTmp/CMakeFiles 1
Building C object CMakeFiles/cmTryCompileExec.dir/CheckSymbolExists.c.o
/usr/bin/gcc   -F/Library/Frameworks   -o CMakeFiles/cmTryCompileExec.dir/CheckSymbolExists.c.o   -c /Users/ralf/01Projekte/qt4/LobShooter/oraload/lobwizard/CMakeFiles/CMakeTmp/CheckSymbolExists.c
/Users/ralf/01Projekte/qt4/LobShooter/oraload/lobwizard/CMakeFiles/CMakeTmp/CheckSymbolExists.c: In function ‘main’:
/Users/ralf/01Projekte/qt4/LobShooter/oraload/lobwizard/CMakeFiles/CMakeTmp/CheckSymbolExists.c:8: error: ‘Q_WS_X11’ undeclared (first use in this function)
/Users/ralf/01Projekte/qt4/LobShooter/oraload/lobwizard/CMakeFiles/CMakeTmp/CheckSymbolExists.c:8: error: (Each undeclared identifier is reported only once
/Users/ralf/01Projekte/qt4/LobShooter/oraload/lobwizard/CMakeFiles/CMakeTmp/CheckSymbolExists.c:8: error: for each function it appears in.)
make[1]: *** [CMakeFiles/cmTryCompileExec.dir/CheckSymbolExists.c.o] Error 1
make: *** [cmTryCompileExec/fast] Error 2

File /Users/ralf/01Projekte/qt4/LobShooter/oraload/lobwizard/CMakeFiles/CMakeTmp/CheckSymbolExists.c:
/* */
#include <QtCore/qglobal.h>

void cmakeRequireSymbol(int dummy,...){(void)dummy;}
int main()
{
#ifndef Q_WS_X11
  cmakeRequireSymbol(0,&Q_WS_X11);
#endif
  return 0;
}

Determining if the Q_WS_WIN exist failed with the following output:
Change Dir: /Users/ralf/01Projekte/qt4/LobShooter/oraload/lobwizard/CMakeFiles/CMakeTmp

Run Build Command:/usr/bin/make "cmTryCompileExec/fast"
/usr/bin/make -f CMakeFiles/cmTryCompileExec.dir/build.make CMakeFiles/cmTryCompileExec.dir/build
/usr/local/bin/cmake -E cmake_progress_report /Users/ralf/01Projekte/qt4/LobShooter/oraload/lobwizard/CMakeFiles/CMakeTmp/CMakeFiles 1
Building C object CMakeFiles/cmTryCompileExec.dir/CheckSymbolExists.c.o
/usr/bin/gcc   -F/Library/Frameworks   -o CMakeFiles/cmTryCompileExec.dir/CheckSymbolExists.c.o   -c /Users/ralf/01Projekte/qt4/LobShooter/oraload/lobwizard/CMakeFiles/CMakeTmp/CheckSymbolExists.c
/Users/ralf/01Projekte/qt4/LobShooter/oraload/lobwizard/CMakeFiles/CMakeTmp/CheckSymbolExists.c: In function ‘main’:
/Users/ralf/01Projekte/qt4/LobShooter/oraload/lobwizard/CMakeFiles/CMakeTmp/CheckSymbolExists.c:8: error: ‘Q_WS_WIN’ undeclared (first use in this function)
/Users/ralf/01Projekte/qt4/LobShooter/oraload/lobwizard/CMakeFiles/CMakeTmp/CheckSymbolExists.c:8: error: (Each undeclared identifier is reported only once
/Users/ralf/01Projekte/qt4/LobShooter/oraload/lobwizard/CMakeFiles/CMakeTmp/CheckSymbolExists.c:8: error: for each function it appears in.)
make[1]: *** [CMakeFiles/cmTryCompileExec.dir/CheckSymbolExists.c.o] Error 1
make: *** [cmTryCompileExec/fast] Error 2

File /Users/ralf/01Projekte/qt4/LobShooter/oraload/lobwizard/CMakeFiles/CMakeTmp/CheckSymbolExists.c:
/* */
#include <QtCore/qglobal.h>

void cmakeRequireSymbol(int dummy,...){(void)dummy;}
int main()
{
#ifndef Q_WS_WIN
  cmakeRequireSymbol(0,&Q_WS_WIN);
#endif
  return 0;
}

Determining if the Q_WS_QWS exist failed with the following output:
Change Dir: /Users/ralf/01Projekte/qt4/LobShooter/oraload/lobwizard/CMakeFiles/CMakeTmp

Run Build Command:/usr/bin/make "cmTryCompileExec/fast"
/usr/bin/make -f CMakeFiles/cmTryCompileExec.dir/build.make CMakeFiles/cmTryCompileExec.dir/build
/usr/local/bin/cmake -E cmake_progress_report /Users/ralf/01Projekte/qt4/LobShooter/oraload/lobwizard/CMakeFiles/CMakeTmp/CMakeFiles 1
Building C object CMakeFiles/cmTryCompileExec.dir/CheckSymbolExists.c.o
/usr/bin/gcc   -F/Library/Frameworks   -o CMakeFiles/cmTryCompileExec.dir/CheckSymbolExists.c.o   -c /Users/ralf/01Projekte/qt4/LobShooter/oraload/lobwizard/CMakeFiles/CMakeTmp/CheckSymbolExists.c
/Users/ralf/01Projekte/qt4/LobShooter/oraload/lobwizard/CMakeFiles/CMakeTmp/CheckSymbolExists.c: In function ‘main’:
/Users/ralf/01Projekte/qt4/LobShooter/oraload/lobwizard/CMakeFiles/CMakeTmp/CheckSymbolExists.c:8: error: ‘Q_WS_QWS’ undeclared (first use in this function)
/Users/ralf/01Projekte/qt4/LobShooter/oraload/lobwizard/CMakeFiles/CMakeTmp/CheckSymbolExists.c:8: error: (Each undeclared identifier is reported only once
/Users/ralf/01Projekte/qt4/LobShooter/oraload/lobwizard/CMakeFiles/CMakeTmp/CheckSymbolExists.c:8: error: for each function it appears in.)
make[1]: *** [CMakeFiles/cmTryCompileExec.dir/CheckSymbolExists.c.o] Error 1
make: *** [cmTryCompileExec/fast] Error 2

File /Users/ralf/01Projekte/qt4/LobShooter/oraload/lobwizard/CMakeFiles/CMakeTmp/CheckSymbolExists.c:
/* */
#include <QtCore/qglobal.h>

void cmakeRequireSymbol(int dummy,...){(void)dummy;}
int main()
{
#ifndef Q_WS_QWS
  cmakeRequireSymbol(0,&Q_WS_QWS);
#endif
  return 0;
}

Determining if the QT_MAC_USE_COCOA exist failed with the following output:
Change Dir: /Users/ralf/01Projekte/qt4/LobShooter/oraload/lobwizard/CMakeFiles/CMakeTmp

Run Build Command:/usr/bin/make "cmTryCompileExec/fast"
/usr/bin/make -f CMakeFiles/cmTryCompileExec.dir/build.make CMakeFiles/cmTryCompileExec.dir/build
/usr/local/bin/cmake -E cmake_progress_report /Users/ralf/01Projekte/qt4/LobShooter/oraload/lobwizard/CMakeFiles/CMakeTmp/CMakeFiles 1
Building C object CMakeFiles/cmTryCompileExec.dir/CheckSymbolExists.c.o
/usr/bin/gcc   -F/Library/Frameworks   -o CMakeFiles/cmTryCompileExec.dir/CheckSymbolExists.c.o   -c /Users/ralf/01Projekte/qt4/LobShooter/oraload/lobwizard/CMakeFiles/CMakeTmp/CheckSymbolExists.c
/Users/ralf/01Projekte/qt4/LobShooter/oraload/lobwizard/CMakeFiles/CMakeTmp/CheckSymbolExists.c: In function ‘main’:
/Users/ralf/01Projekte/qt4/LobShooter/oraload/lobwizard/CMakeFiles/CMakeTmp/CheckSymbolExists.c:8: error: ‘QT_MAC_USE_COCOA’ undeclared (first use in this function)
/Users/ralf/01Projekte/qt4/LobShooter/oraload/lobwizard/CMakeFiles/CMakeTmp/CheckSymbolExists.c:8: error: (Each undeclared identifier is reported only once
/Users/ralf/01Projekte/qt4/LobShooter/oraload/lobwizard/CMakeFiles/CMakeTmp/CheckSymbolExists.c:8: error: for each function it appears in.)
make[1]: *** [CMakeFiles/cmTryCompileExec.dir/CheckSymbolExists.c.o] Error 1
make: *** [cmTryCompileExec/fast] Error 2

File /Users/ralf/01Projekte/qt4/LobShooter/oraload/lobwizard/CMakeFiles/CMakeTmp/CheckSymbolExists.c:
/* */
#include <QtCore/qconfig.h>

void cmakeRequireSymbol(int dummy,...){(void)dummy;}
int main()
{
#ifndef QT_MAC_USE_COCOA
  cmakeRequireSymbol(0,&QT_MAC_USE_COCOA);
#endif
  return 0;
}

